{"C:\\Users\\salas\\Documents\\Udemy\\FernandoHerrera\\Node2\\07-RESTWeb\\src\\app.ts": {"path":"C:\\Users\\salas\\Documents\\Udemy\\FernandoHerrera\\Node2\\07-RESTWeb\\src\\app.ts","all":false,"statementMap":{"0":{"start":{"line":1,"column":0},"end":{"line":1,"column":37}},"1":{"start":{"line":2,"column":0},"end":{"line":2,"column":50}},"2":{"start":{"line":3,"column":0},"end":{"line":3,"column":47}},"3":{"start":{"line":4,"column":0},"end":{"line":4,"column":0}},"4":{"start":{"line":5,"column":0},"end":{"line":5,"column":0}},"5":{"start":{"line":6,"column":0},"end":{"line":6,"column":8}},"6":{"start":{"line":7,"column":0},"end":{"line":7,"column":11}},"7":{"start":{"line":8,"column":0},"end":{"line":8,"column":5}},"8":{"start":{"line":9,"column":0},"end":{"line":9,"column":0}},"9":{"start":{"line":10,"column":0},"end":{"line":10,"column":0}},"10":{"start":{"line":11,"column":0},"end":{"line":11,"column":17}},"11":{"start":{"line":12,"column":0},"end":{"line":12,"column":31}},"12":{"start":{"line":13,"column":0},"end":{"line":13,"column":24}},"13":{"start":{"line":14,"column":0},"end":{"line":14,"column":38}},"14":{"start":{"line":15,"column":0},"end":{"line":15,"column":33}},"15":{"start":{"line":16,"column":0},"end":{"line":16,"column":6}},"16":{"start":{"line":17,"column":0},"end":{"line":17,"column":0}},"17":{"start":{"line":18,"column":0},"end":{"line":18,"column":19}},"18":{"start":{"line":19,"column":0},"end":{"line":19,"column":1}}},"s":{"0":1,"1":1,"2":1,"3":1,"4":1,"5":1,"6":1,"7":1,"8":1,"9":1,"10":1,"11":1,"12":1,"13":1,"14":1,"15":1,"16":1,"17":1,"18":1},"branchMap":{"0":{"type":"branch","line":6,"loc":{"start":{"line":6,"column":1},"end":{"line":8,"column":2}},"locations":[{"start":{"line":6,"column":1},"end":{"line":8,"column":2}}]},"1":{"type":"branch","line":11,"loc":{"start":{"line":11,"column":0},"end":{"line":19,"column":1}},"locations":[{"start":{"line":11,"column":0},"end":{"line":19,"column":1}}]}},"b":{"0":[1],"1":[1]},"fnMap":{"0":{"name":"main","decl":{"start":{"line":11,"column":0},"end":{"line":19,"column":1}},"loc":{"start":{"line":11,"column":0},"end":{"line":19,"column":1}},"line":11}},"f":{"0":1}}
,"C:\\Users\\salas\\Documents\\Udemy\\FernandoHerrera\\Node2\\07-RESTWeb\\src\\config\\envs.ts": {"path":"C:\\Users\\salas\\Documents\\Udemy\\FernandoHerrera\\Node2\\07-RESTWeb\\src\\config\\envs.ts","all":false,"statementMap":{"0":{"start":{"line":1,"column":0},"end":{"line":1,"column":22}},"1":{"start":{"line":2,"column":0},"end":{"line":2,"column":0}},"2":{"start":{"line":3,"column":0},"end":{"line":3,"column":29}},"3":{"start":{"line":4,"column":0},"end":{"line":4,"column":0}},"4":{"start":{"line":5,"column":0},"end":{"line":5,"column":21}},"5":{"start":{"line":6,"column":0},"end":{"line":6,"column":48}},"6":{"start":{"line":7,"column":0},"end":{"line":7,"column":65}},"7":{"start":{"line":8,"column":0},"end":{"line":8,"column":1}}},"s":{"0":1,"1":1,"2":1,"3":1,"4":1,"5":1,"6":1,"7":1},"branchMap":{},"b":{},"fnMap":{},"f":{}}
,"C:\\Users\\salas\\Documents\\Udemy\\FernandoHerrera\\Node2\\07-RESTWeb\\src\\data\\postgres\\index.ts": {"path":"C:\\Users\\salas\\Documents\\Udemy\\FernandoHerrera\\Node2\\07-RESTWeb\\src\\data\\postgres\\index.ts","all":false,"statementMap":{"0":{"start":{"line":1,"column":0},"end":{"line":1,"column":46}},"1":{"start":{"line":2,"column":0},"end":{"line":2,"column":0}},"2":{"start":{"line":3,"column":0},"end":{"line":3,"column":0}},"3":{"start":{"line":4,"column":0},"end":{"line":4,"column":41}}},"s":{"0":1,"1":1,"2":1,"3":1},"branchMap":{},"b":{},"fnMap":{},"f":{}}
,"C:\\Users\\salas\\Documents\\Udemy\\FernandoHerrera\\Node2\\07-RESTWeb\\src\\domain\\index.ts": {"path":"C:\\Users\\salas\\Documents\\Udemy\\FernandoHerrera\\Node2\\07-RESTWeb\\src\\domain\\index.ts","all":false,"statementMap":{"0":{"start":{"line":1,"column":0},"end":{"line":1,"column":0}},"1":{"start":{"line":2,"column":0},"end":{"line":2,"column":45}},"2":{"start":{"line":3,"column":0},"end":{"line":3,"column":22}},"3":{"start":{"line":4,"column":0},"end":{"line":4,"column":39}},"4":{"start":{"line":5,"column":0},"end":{"line":5,"column":46}},"5":{"start":{"line":6,"column":0},"end":{"line":6,"column":0}},"6":{"start":{"line":7,"column":0},"end":{"line":7,"column":44}},"7":{"start":{"line":8,"column":0},"end":{"line":8,"column":41}},"8":{"start":{"line":9,"column":0},"end":{"line":9,"column":42}},"9":{"start":{"line":10,"column":0},"end":{"line":10,"column":44}},"10":{"start":{"line":11,"column":0},"end":{"line":11,"column":44}},"11":{"start":{"line":12,"column":0},"end":{"line":12,"column":0}},"12":{"start":{"line":13,"column":0},"end":{"line":13,"column":37}}},"s":{"0":1,"1":1,"2":1,"3":1,"4":1,"5":1,"6":1,"7":1,"8":1,"9":1,"10":1,"11":1,"12":1},"branchMap":{},"b":{},"fnMap":{},"f":{}}
,"C:\\Users\\salas\\Documents\\Udemy\\FernandoHerrera\\Node2\\07-RESTWeb\\src\\domain\\dtos\\todos\\create-todo.dto.ts": {"path":"C:\\Users\\salas\\Documents\\Udemy\\FernandoHerrera\\Node2\\07-RESTWeb\\src\\domain\\dtos\\todos\\create-todo.dto.ts","all":false,"statementMap":{"0":{"start":{"line":1,"column":0},"end":{"line":1,"column":0}},"1":{"start":{"line":2,"column":0},"end":{"line":2,"column":0}},"2":{"start":{"line":3,"column":0},"end":{"line":3,"column":28}},"3":{"start":{"line":4,"column":0},"end":{"line":4,"column":0}},"4":{"start":{"line":5,"column":0},"end":{"line":5,"column":16}},"5":{"start":{"line":6,"column":0},"end":{"line":6,"column":37}},"6":{"start":{"line":7,"column":0},"end":{"line":7,"column":9}},"7":{"start":{"line":8,"column":0},"end":{"line":8,"column":0}},"8":{"start":{"line":9,"column":0},"end":{"line":9,"column":77}},"9":{"start":{"line":10,"column":0},"end":{"line":10,"column":0}},"10":{"start":{"line":11,"column":0},"end":{"line":11,"column":31}},"11":{"start":{"line":12,"column":0},"end":{"line":12,"column":0}},"12":{"start":{"line":13,"column":0},"end":{"line":13,"column":87}},"13":{"start":{"line":14,"column":0},"end":{"line":14,"column":0}},"14":{"start":{"line":15,"column":0},"end":{"line":15,"column":0}},"15":{"start":{"line":16,"column":0},"end":{"line":16,"column":0}},"16":{"start":{"line":17,"column":0},"end":{"line":17,"column":51}},"17":{"start":{"line":18,"column":0},"end":{"line":18,"column":5}},"18":{"start":{"line":19,"column":0},"end":{"line":19,"column":0}},"19":{"start":{"line":20,"column":0},"end":{"line":20,"column":0}},"20":{"start":{"line":21,"column":0},"end":{"line":21,"column":0}},"21":{"start":{"line":22,"column":0},"end":{"line":22,"column":0}},"22":{"start":{"line":23,"column":0},"end":{"line":23,"column":0}},"23":{"start":{"line":24,"column":0},"end":{"line":24,"column":1}}},"s":{"0":1,"1":1,"2":1,"3":1,"4":1,"5":1,"6":1,"7":1,"8":1,"9":3,"10":3,"11":3,"12":3,"13":1,"14":1,"15":1,"16":1,"17":1,"18":1,"19":1,"20":1,"21":1,"22":1,"23":1},"branchMap":{"0":{"type":"branch","line":5,"loc":{"start":{"line":5,"column":4},"end":{"line":7,"column":9}},"locations":[{"start":{"line":5,"column":4},"end":{"line":7,"column":9}}]},"1":{"type":"branch","line":9,"loc":{"start":{"line":9,"column":11},"end":{"line":18,"column":5}},"locations":[{"start":{"line":9,"column":11},"end":{"line":18,"column":5}}]},"2":{"type":"branch","line":13,"loc":{"start":{"line":13,"column":17},"end":{"line":13,"column":38}},"locations":[{"start":{"line":13,"column":17},"end":{"line":13,"column":38}}]},"3":{"type":"branch","line":13,"loc":{"start":{"line":13,"column":40},"end":{"line":13,"column":87}},"locations":[{"start":{"line":13,"column":40},"end":{"line":13,"column":87}}]},"4":{"type":"branch","line":14,"loc":{"start":{"line":14,"column":-2},"end":{"line":18,"column":5}},"locations":[{"start":{"line":14,"column":-2},"end":{"line":18,"column":5}}]}},"b":{"0":[1],"1":[3],"2":[1],"3":[2],"4":[1]},"fnMap":{"0":{"name":"CreateTodoDTO","decl":{"start":{"line":5,"column":4},"end":{"line":7,"column":9}},"loc":{"start":{"line":5,"column":4},"end":{"line":7,"column":9}},"line":5},"1":{"name":"create","decl":{"start":{"line":9,"column":11},"end":{"line":18,"column":5}},"loc":{"start":{"line":9,"column":11},"end":{"line":18,"column":5}},"line":9}},"f":{"0":1,"1":3}}
,"C:\\Users\\salas\\Documents\\Udemy\\FernandoHerrera\\Node2\\07-RESTWeb\\src\\domain\\errors\\custom.error.ts": {"path":"C:\\Users\\salas\\Documents\\Udemy\\FernandoHerrera\\Node2\\07-RESTWeb\\src\\domain\\errors\\custom.error.ts","all":false,"statementMap":{"0":{"start":{"line":1,"column":0},"end":{"line":1,"column":40}},"1":{"start":{"line":2,"column":0},"end":{"line":2,"column":0}},"2":{"start":{"line":3,"column":0},"end":{"line":3,"column":16}},"3":{"start":{"line":4,"column":0},"end":{"line":4,"column":40}},"4":{"start":{"line":5,"column":0},"end":{"line":5,"column":48}},"5":{"start":{"line":6,"column":0},"end":{"line":6,"column":7}},"6":{"start":{"line":7,"column":0},"end":{"line":7,"column":23}},"7":{"start":{"line":8,"column":0},"end":{"line":8,"column":5}},"8":{"start":{"line":9,"column":0},"end":{"line":9,"column":0}},"9":{"start":{"line":10,"column":0},"end":{"line":10,"column":0}},"10":{"start":{"line":11,"column":0},"end":{"line":11,"column":1}}},"s":{"0":1,"1":1,"2":1,"3":3,"4":3,"5":3,"6":3,"7":3,"8":1,"9":1,"10":1},"branchMap":{"0":{"type":"branch","line":3,"loc":{"start":{"line":3,"column":4},"end":{"line":8,"column":5}},"locations":[{"start":{"line":3,"column":4},"end":{"line":8,"column":5}}]}},"b":{"0":[3]},"fnMap":{"0":{"name":"CustomError","decl":{"start":{"line":3,"column":4},"end":{"line":8,"column":5}},"loc":{"start":{"line":3,"column":4},"end":{"line":8,"column":5}},"line":3}},"f":{"0":3}}
,"C:\\Users\\salas\\Documents\\Udemy\\FernandoHerrera\\Node2\\07-RESTWeb\\src\\infrastructure\\datasource\\todo.datasource.impl.ts": {"path":"C:\\Users\\salas\\Documents\\Udemy\\FernandoHerrera\\Node2\\07-RESTWeb\\src\\infrastructure\\datasource\\todo.datasource.impl.ts","all":false,"statementMap":{"0":{"start":{"line":1,"column":0},"end":{"line":1,"column":45}},"1":{"start":{"line":2,"column":0},"end":{"line":2,"column":101}},"2":{"start":{"line":3,"column":0},"end":{"line":3,"column":0}},"3":{"start":{"line":4,"column":0},"end":{"line":4,"column":0}},"4":{"start":{"line":5,"column":0},"end":{"line":5,"column":59}},"5":{"start":{"line":6,"column":0},"end":{"line":6,"column":0}},"6":{"start":{"line":7,"column":0},"end":{"line":7,"column":69}},"7":{"start":{"line":8,"column":0},"end":{"line":8,"column":0}},"8":{"start":{"line":9,"column":0},"end":{"line":9,"column":47}},"9":{"start":{"line":10,"column":0},"end":{"line":10,"column":32}},"10":{"start":{"line":11,"column":0},"end":{"line":11,"column":11}},"11":{"start":{"line":12,"column":0},"end":{"line":12,"column":0}},"12":{"start":{"line":13,"column":0},"end":{"line":13,"column":43}},"13":{"start":{"line":14,"column":0},"end":{"line":14,"column":5}},"14":{"start":{"line":15,"column":0},"end":{"line":15,"column":43}},"15":{"start":{"line":16,"column":0},"end":{"line":16,"column":50}},"16":{"start":{"line":17,"column":0},"end":{"line":17,"column":0}},"17":{"start":{"line":18,"column":0},"end":{"line":18,"column":61}},"18":{"start":{"line":19,"column":0},"end":{"line":19,"column":0}},"19":{"start":{"line":20,"column":0},"end":{"line":20,"column":5}},"20":{"start":{"line":21,"column":0},"end":{"line":21,"column":53}},"21":{"start":{"line":22,"column":0},"end":{"line":22,"column":0}},"22":{"start":{"line":23,"column":0},"end":{"line":23,"column":50}},"23":{"start":{"line":24,"column":0},"end":{"line":24,"column":20}},"24":{"start":{"line":25,"column":0},"end":{"line":25,"column":18}},"25":{"start":{"line":26,"column":0},"end":{"line":26,"column":13}},"26":{"start":{"line":27,"column":0},"end":{"line":27,"column":11}},"27":{"start":{"line":28,"column":0},"end":{"line":28,"column":0}},"28":{"start":{"line":29,"column":0},"end":{"line":29,"column":78}},"29":{"start":{"line":30,"column":0},"end":{"line":30,"column":43}},"30":{"start":{"line":31,"column":0},"end":{"line":31,"column":0}},"31":{"start":{"line":32,"column":0},"end":{"line":32,"column":0}},"32":{"start":{"line":33,"column":0},"end":{"line":33,"column":5}},"33":{"start":{"line":34,"column":0},"end":{"line":34,"column":73}},"34":{"start":{"line":35,"column":0},"end":{"line":35,"column":45}},"35":{"start":{"line":36,"column":0},"end":{"line":36,"column":0}},"36":{"start":{"line":37,"column":0},"end":{"line":37,"column":54}},"37":{"start":{"line":38,"column":0},"end":{"line":38,"column":20}},"38":{"start":{"line":39,"column":0},"end":{"line":39,"column":36}},"39":{"start":{"line":40,"column":0},"end":{"line":40,"column":14}},"40":{"start":{"line":41,"column":0},"end":{"line":41,"column":39}},"41":{"start":{"line":42,"column":0},"end":{"line":42,"column":11}},"42":{"start":{"line":43,"column":0},"end":{"line":43,"column":0}},"43":{"start":{"line":44,"column":0},"end":{"line":44,"column":50}},"44":{"start":{"line":45,"column":0},"end":{"line":45,"column":0}},"45":{"start":{"line":46,"column":0},"end":{"line":46,"column":5}},"46":{"start":{"line":47,"column":0},"end":{"line":47,"column":55}},"47":{"start":{"line":48,"column":0},"end":{"line":48,"column":31}},"48":{"start":{"line":49,"column":0},"end":{"line":49,"column":0}},"49":{"start":{"line":50,"column":0},"end":{"line":50,"column":50}},"50":{"start":{"line":51,"column":0},"end":{"line":51,"column":20}},"51":{"start":{"line":52,"column":0},"end":{"line":52,"column":18}},"52":{"start":{"line":53,"column":0},"end":{"line":53,"column":13}},"53":{"start":{"line":54,"column":0},"end":{"line":54,"column":11}},"54":{"start":{"line":55,"column":0},"end":{"line":55,"column":0}},"55":{"start":{"line":56,"column":0},"end":{"line":56,"column":46}},"56":{"start":{"line":57,"column":0},"end":{"line":57,"column":5}},"57":{"start":{"line":58,"column":0},"end":{"line":58,"column":0}},"58":{"start":{"line":59,"column":0},"end":{"line":59,"column":0}},"59":{"start":{"line":60,"column":0},"end":{"line":60,"column":1}}},"s":{"0":1,"1":1,"2":1,"3":1,"4":1,"5":1,"6":1,"7":1,"8":1,"9":1,"10":1,"11":1,"12":1,"13":1,"14":1,"15":1,"16":1,"17":1,"18":1,"19":1,"20":1,"21":9,"22":9,"23":9,"24":9,"25":9,"26":9,"27":9,"28":9,"29":6,"30":6,"31":6,"32":6,"33":1,"34":5,"35":4,"36":4,"37":4,"38":4,"39":4,"40":4,"41":4,"42":4,"43":4,"44":4,"45":4,"46":1,"47":2,"48":1,"49":1,"50":1,"51":1,"52":1,"53":1,"54":1,"55":1,"56":1,"57":1,"58":1,"59":1},"branchMap":{"0":{"type":"branch","line":7,"loc":{"start":{"line":7,"column":10},"end":{"line":14,"column":5}},"locations":[{"start":{"line":7,"column":10},"end":{"line":14,"column":5}}]},"1":{"type":"branch","line":15,"loc":{"start":{"line":15,"column":10},"end":{"line":20,"column":5}},"locations":[{"start":{"line":15,"column":10},"end":{"line":20,"column":5}}]},"2":{"type":"branch","line":18,"loc":{"start":{"line":18,"column":25},"end":{"line":18,"column":60}},"locations":[{"start":{"line":18,"column":25},"end":{"line":18,"column":60}}]},"3":{"type":"branch","line":21,"loc":{"start":{"line":21,"column":10},"end":{"line":33,"column":5}},"locations":[{"start":{"line":21,"column":10},"end":{"line":33,"column":5}}]},"4":{"type":"branch","line":29,"loc":{"start":{"line":29,"column":19},"end":{"line":29,"column":78}},"locations":[{"start":{"line":29,"column":19},"end":{"line":29,"column":78}}]},"5":{"type":"branch","line":30,"loc":{"start":{"line":30,"column":-2},"end":{"line":33,"column":5}},"locations":[{"start":{"line":30,"column":-2},"end":{"line":33,"column":5}}]},"6":{"type":"branch","line":34,"loc":{"start":{"line":34,"column":10},"end":{"line":46,"column":5}},"locations":[{"start":{"line":34,"column":10},"end":{"line":46,"column":5}}]},"7":{"type":"branch","line":36,"loc":{"start":{"line":36,"column":-2},"end":{"line":46,"column":5}},"locations":[{"start":{"line":36,"column":-2},"end":{"line":46,"column":5}}]},"8":{"type":"branch","line":47,"loc":{"start":{"line":47,"column":10},"end":{"line":57,"column":5}},"locations":[{"start":{"line":47,"column":10},"end":{"line":57,"column":5}}]},"9":{"type":"branch","line":49,"loc":{"start":{"line":49,"column":-2},"end":{"line":57,"column":5}},"locations":[{"start":{"line":49,"column":-2},"end":{"line":57,"column":5}}]}},"b":{"0":[1],"1":[1],"2":[2],"3":[9],"4":[3],"5":[6],"6":[5],"7":[4],"8":[2],"9":[1]},"fnMap":{"0":{"name":"create","decl":{"start":{"line":7,"column":10},"end":{"line":14,"column":5}},"loc":{"start":{"line":7,"column":10},"end":{"line":14,"column":5}},"line":7},"1":{"name":"getAll","decl":{"start":{"line":15,"column":10},"end":{"line":20,"column":5}},"loc":{"start":{"line":15,"column":10},"end":{"line":20,"column":5}},"line":15},"2":{"name":"findById","decl":{"start":{"line":21,"column":10},"end":{"line":33,"column":5}},"loc":{"start":{"line":21,"column":10},"end":{"line":33,"column":5}},"line":21},"3":{"name":"updateById","decl":{"start":{"line":34,"column":10},"end":{"line":46,"column":5}},"loc":{"start":{"line":34,"column":10},"end":{"line":46,"column":5}},"line":34},"4":{"name":"deleteById","decl":{"start":{"line":47,"column":10},"end":{"line":57,"column":5}},"loc":{"start":{"line":47,"column":10},"end":{"line":57,"column":5}},"line":47}},"f":{"0":1,"1":1,"2":9,"3":5,"4":2}}
,"C:\\Users\\salas\\Documents\\Udemy\\FernandoHerrera\\Node2\\07-RESTWeb\\src\\presentation\\server.ts": {"path":"C:\\Users\\salas\\Documents\\Udemy\\FernandoHerrera\\Node2\\07-RESTWeb\\src\\presentation\\server.ts","all":false,"statementMap":{"0":{"start":{"line":1,"column":0},"end":{"line":1,"column":41}},"1":{"start":{"line":2,"column":0},"end":{"line":2,"column":37}},"2":{"start":{"line":3,"column":0},"end":{"line":3,"column":24}},"3":{"start":{"line":4,"column":0},"end":{"line":4,"column":0}},"4":{"start":{"line":5,"column":0},"end":{"line":5,"column":19}},"5":{"start":{"line":6,"column":0},"end":{"line":6,"column":17}},"6":{"start":{"line":7,"column":0},"end":{"line":7,"column":19}},"7":{"start":{"line":8,"column":0},"end":{"line":8,"column":25}},"8":{"start":{"line":9,"column":0},"end":{"line":9,"column":1}},"9":{"start":{"line":10,"column":0},"end":{"line":10,"column":21}},"10":{"start":{"line":11,"column":0},"end":{"line":11,"column":0}},"11":{"start":{"line":12,"column":0},"end":{"line":12,"column":36}},"12":{"start":{"line":13,"column":0},"end":{"line":13,"column":33}},"13":{"start":{"line":14,"column":0},"end":{"line":14,"column":34}},"14":{"start":{"line":15,"column":0},"end":{"line":15,"column":40}},"15":{"start":{"line":16,"column":0},"end":{"line":16,"column":36}},"16":{"start":{"line":17,"column":0},"end":{"line":17,"column":0}},"17":{"start":{"line":18,"column":0},"end":{"line":18,"column":0}},"18":{"start":{"line":19,"column":0},"end":{"line":19,"column":35}},"19":{"start":{"line":20,"column":0},"end":{"line":20,"column":64}},"20":{"start":{"line":21,"column":0},"end":{"line":21,"column":25}},"21":{"start":{"line":22,"column":0},"end":{"line":22,"column":38}},"22":{"start":{"line":23,"column":0},"end":{"line":23,"column":29}},"23":{"start":{"line":24,"column":0},"end":{"line":24,"column":0}},"24":{"start":{"line":25,"column":0},"end":{"line":25,"column":5}},"25":{"start":{"line":26,"column":0},"end":{"line":26,"column":0}},"26":{"start":{"line":27,"column":0},"end":{"line":27,"column":19}},"27":{"start":{"line":28,"column":0},"end":{"line":28,"column":0}},"28":{"start":{"line":29,"column":0},"end":{"line":29,"column":22}},"29":{"start":{"line":30,"column":0},"end":{"line":30,"column":43}},"30":{"start":{"line":31,"column":0},"end":{"line":31,"column":86}},"31":{"start":{"line":32,"column":0},"end":{"line":32,"column":35}},"32":{"start":{"line":33,"column":0},"end":{"line":33,"column":0}},"33":{"start":{"line":34,"column":0},"end":{"line":34,"column":0}},"34":{"start":{"line":35,"column":0},"end":{"line":35,"column":24}},"35":{"start":{"line":36,"column":0},"end":{"line":36,"column":46}},"36":{"start":{"line":37,"column":0},"end":{"line":37,"column":0}},"37":{"start":{"line":38,"column":0},"end":{"line":38,"column":0}},"38":{"start":{"line":39,"column":0},"end":{"line":39,"column":17}},"39":{"start":{"line":40,"column":0},"end":{"line":40,"column":34}},"40":{"start":{"line":41,"column":0},"end":{"line":41,"column":0}},"41":{"start":{"line":42,"column":0},"end":{"line":42,"column":0}},"42":{"start":{"line":43,"column":0},"end":{"line":43,"column":13}},"43":{"start":{"line":44,"column":0},"end":{"line":44,"column":41}},"44":{"start":{"line":45,"column":0},"end":{"line":45,"column":93}},"45":{"start":{"line":46,"column":0},"end":{"line":46,"column":35}},"46":{"start":{"line":47,"column":0},"end":{"line":47,"column":10}},"47":{"start":{"line":48,"column":0},"end":{"line":48,"column":0}},"48":{"start":{"line":49,"column":0},"end":{"line":49,"column":64}},"49":{"start":{"line":50,"column":0},"end":{"line":50,"column":55}},"50":{"start":{"line":51,"column":0},"end":{"line":51,"column":10}},"51":{"start":{"line":52,"column":0},"end":{"line":52,"column":0}},"52":{"start":{"line":53,"column":0},"end":{"line":53,"column":5}},"53":{"start":{"line":54,"column":0},"end":{"line":54,"column":20}},"54":{"start":{"line":55,"column":0},"end":{"line":55,"column":37}},"55":{"start":{"line":56,"column":0},"end":{"line":56,"column":0}},"56":{"start":{"line":57,"column":0},"end":{"line":57,"column":5}},"57":{"start":{"line":58,"column":0},"end":{"line":58,"column":1}}},"s":{"0":1,"1":1,"2":1,"3":1,"4":1,"5":1,"6":1,"7":1,"8":1,"9":1,"10":1,"11":1,"12":1,"13":1,"14":1,"15":1,"16":1,"17":1,"18":1,"19":1,"20":1,"21":1,"22":1,"23":1,"24":1,"25":1,"26":1,"27":1,"28":1,"29":1,"30":1,"31":1,"32":1,"33":1,"34":1,"35":1,"36":1,"37":1,"38":1,"39":1,"40":1,"41":1,"42":1,"43":1,"44":0,"45":0,"46":1,"47":1,"48":1,"49":1,"50":1,"51":1,"52":1,"53":1,"54":1,"55":1,"56":1,"57":1},"branchMap":{"0":{"type":"branch","line":19,"loc":{"start":{"line":19,"column":4},"end":{"line":25,"column":5}},"locations":[{"start":{"line":19,"column":4},"end":{"line":25,"column":5}}]},"1":{"type":"branch","line":27,"loc":{"start":{"line":27,"column":10},"end":{"line":53,"column":5}},"locations":[{"start":{"line":27,"column":10},"end":{"line":53,"column":5}}]},"2":{"type":"branch","line":49,"loc":{"start":{"line":49,"column":57},"end":{"line":51,"column":9}},"locations":[{"start":{"line":49,"column":57},"end":{"line":51,"column":9}}]},"3":{"type":"branch","line":54,"loc":{"start":{"line":54,"column":11},"end":{"line":57,"column":5}},"locations":[{"start":{"line":54,"column":11},"end":{"line":57,"column":5}}]},"4":{"type":"branch","line":55,"loc":{"start":{"line":55,"column":27},"end":{"line":55,"column":29}},"locations":[{"start":{"line":55,"column":27},"end":{"line":55,"column":29}}]}},"b":{"0":[1],"1":[1],"2":[1],"3":[1],"4":[0]},"fnMap":{"0":{"name":"Server","decl":{"start":{"line":19,"column":4},"end":{"line":25,"column":5}},"loc":{"start":{"line":19,"column":4},"end":{"line":25,"column":5}},"line":19},"1":{"name":"start","decl":{"start":{"line":27,"column":10},"end":{"line":53,"column":5}},"loc":{"start":{"line":27,"column":10},"end":{"line":53,"column":5}},"line":27},"2":{"name":"close","decl":{"start":{"line":54,"column":11},"end":{"line":57,"column":5}},"loc":{"start":{"line":54,"column":11},"end":{"line":57,"column":5}},"line":54}},"f":{"0":1,"1":1,"2":1}}
,"C:\\Users\\salas\\Documents\\Udemy\\FernandoHerrera\\Node2\\07-RESTWeb\\src\\presentation\\todos\\controller.ts": {"path":"C:\\Users\\salas\\Documents\\Udemy\\FernandoHerrera\\Node2\\07-RESTWeb\\src\\presentation\\todos\\controller.ts","all":false,"statementMap":{"0":{"start":{"line":1,"column":0},"end":{"line":1,"column":44}},"1":{"start":{"line":2,"column":0},"end":{"line":2,"column":65}},"2":{"start":{"line":3,"column":0},"end":{"line":3,"column":114}},"3":{"start":{"line":4,"column":0},"end":{"line":4,"column":0}},"4":{"start":{"line":5,"column":0},"end":{"line":5,"column":30}},"5":{"start":{"line":6,"column":0},"end":{"line":6,"column":0}},"6":{"start":{"line":7,"column":0},"end":{"line":7,"column":8}},"7":{"start":{"line":8,"column":0},"end":{"line":8,"column":16}},"8":{"start":{"line":9,"column":0},"end":{"line":9,"column":54}},"9":{"start":{"line":10,"column":0},"end":{"line":10,"column":9}},"10":{"start":{"line":11,"column":0},"end":{"line":11,"column":0}},"11":{"start":{"line":12,"column":0},"end":{"line":12,"column":62}},"12":{"start":{"line":13,"column":0},"end":{"line":13,"column":43}},"13":{"start":{"line":14,"column":0},"end":{"line":14,"column":72}},"14":{"start":{"line":15,"column":0},"end":{"line":15,"column":19}},"15":{"start":{"line":16,"column":0},"end":{"line":16,"column":9}},"16":{"start":{"line":17,"column":0},"end":{"line":17,"column":0}},"17":{"start":{"line":18,"column":0},"end":{"line":18,"column":20}},"18":{"start":{"line":19,"column":0},"end":{"line":19,"column":78}},"19":{"start":{"line":20,"column":0},"end":{"line":20,"column":5}},"20":{"start":{"line":21,"column":0},"end":{"line":21,"column":0}},"21":{"start":{"line":22,"column":0},"end":{"line":22,"column":56}},"22":{"start":{"line":23,"column":0},"end":{"line":23,"column":0}},"23":{"start":{"line":24,"column":0},"end":{"line":24,"column":39}},"24":{"start":{"line":25,"column":0},"end":{"line":25,"column":22}},"25":{"start":{"line":26,"column":0},"end":{"line":26,"column":43}},"26":{"start":{"line":27,"column":0},"end":{"line":27,"column":57}},"27":{"start":{"line":28,"column":0},"end":{"line":28,"column":5}},"28":{"start":{"line":29,"column":0},"end":{"line":29,"column":0}},"29":{"start":{"line":30,"column":0},"end":{"line":30,"column":59}},"30":{"start":{"line":31,"column":0},"end":{"line":31,"column":0}},"31":{"start":{"line":32,"column":0},"end":{"line":32,"column":34}},"32":{"start":{"line":33,"column":0},"end":{"line":33,"column":0}},"33":{"start":{"line":34,"column":0},"end":{"line":34,"column":38}},"34":{"start":{"line":35,"column":0},"end":{"line":35,"column":24}},"35":{"start":{"line":36,"column":0},"end":{"line":36,"column":41}},"36":{"start":{"line":37,"column":0},"end":{"line":37,"column":57}},"37":{"start":{"line":38,"column":0},"end":{"line":38,"column":5}},"38":{"start":{"line":39,"column":0},"end":{"line":39,"column":0}},"39":{"start":{"line":40,"column":0},"end":{"line":40,"column":58}},"40":{"start":{"line":41,"column":0},"end":{"line":41,"column":0}},"41":{"start":{"line":42,"column":0},"end":{"line":42,"column":69}},"42":{"start":{"line":43,"column":0},"end":{"line":43,"column":0}},"43":{"start":{"line":44,"column":0},"end":{"line":44,"column":57}},"44":{"start":{"line":45,"column":0},"end":{"line":45,"column":0}},"45":{"start":{"line":46,"column":0},"end":{"line":46,"column":41}},"46":{"start":{"line":47,"column":0},"end":{"line":47,"column":36}},"47":{"start":{"line":48,"column":0},"end":{"line":48,"column":53}},"48":{"start":{"line":49,"column":0},"end":{"line":49,"column":57}},"49":{"start":{"line":50,"column":0},"end":{"line":50,"column":0}},"50":{"start":{"line":51,"column":0},"end":{"line":51,"column":5}},"51":{"start":{"line":52,"column":0},"end":{"line":52,"column":0}},"52":{"start":{"line":53,"column":0},"end":{"line":53,"column":58}},"53":{"start":{"line":54,"column":0},"end":{"line":54,"column":0}},"54":{"start":{"line":55,"column":0},"end":{"line":55,"column":33}},"55":{"start":{"line":56,"column":0},"end":{"line":56,"column":80}},"56":{"start":{"line":57,"column":0},"end":{"line":57,"column":57}},"57":{"start":{"line":58,"column":0},"end":{"line":58,"column":0}},"58":{"start":{"line":59,"column":0},"end":{"line":59,"column":41}},"59":{"start":{"line":60,"column":0},"end":{"line":60,"column":36}},"60":{"start":{"line":61,"column":0},"end":{"line":61,"column":41}},"61":{"start":{"line":62,"column":0},"end":{"line":62,"column":57}},"62":{"start":{"line":63,"column":0},"end":{"line":63,"column":0}},"63":{"start":{"line":64,"column":0},"end":{"line":64,"column":0}},"64":{"start":{"line":65,"column":0},"end":{"line":65,"column":5}},"65":{"start":{"line":66,"column":0},"end":{"line":66,"column":0}},"66":{"start":{"line":67,"column":0},"end":{"line":67,"column":58}},"67":{"start":{"line":68,"column":0},"end":{"line":68,"column":0}},"68":{"start":{"line":69,"column":0},"end":{"line":69,"column":33}},"69":{"start":{"line":70,"column":0},"end":{"line":70,"column":93}},"70":{"start":{"line":71,"column":0},"end":{"line":71,"column":0}},"71":{"start":{"line":72,"column":0},"end":{"line":72,"column":41}},"72":{"start":{"line":73,"column":0},"end":{"line":73,"column":24}},"73":{"start":{"line":74,"column":0},"end":{"line":74,"column":41}},"74":{"start":{"line":75,"column":0},"end":{"line":75,"column":57}},"75":{"start":{"line":76,"column":0},"end":{"line":76,"column":5}},"76":{"start":{"line":77,"column":0},"end":{"line":77,"column":0}},"77":{"start":{"line":78,"column":0},"end":{"line":78,"column":1}}},"s":{"0":1,"1":1,"2":1,"3":1,"4":1,"5":1,"6":1,"7":1,"8":2,"9":2,"10":1,"11":1,"12":3,"13":3,"14":3,"15":3,"16":0,"17":0,"18":0,"19":0,"20":1,"21":1,"22":1,"23":1,"24":1,"25":1,"26":1,"27":1,"28":1,"29":1,"30":2,"31":2,"32":2,"33":2,"34":2,"35":2,"36":2,"37":2,"38":1,"39":1,"40":3,"41":3,"42":3,"43":3,"44":1,"45":1,"46":1,"47":1,"48":1,"49":1,"50":1,"51":1,"52":1,"53":5,"54":5,"55":5,"56":5,"57":5,"58":5,"59":5,"60":5,"61":5,"62":5,"63":5,"64":5,"65":1,"66":1,"67":2,"68":2,"69":2,"70":2,"71":2,"72":2,"73":2,"74":2,"75":2,"76":1,"77":1},"branchMap":{"0":{"type":"branch","line":8,"loc":{"start":{"line":8,"column":4},"end":{"line":10,"column":9}},"locations":[{"start":{"line":8,"column":4},"end":{"line":10,"column":9}}]},"1":{"type":"branch","line":12,"loc":{"start":{"line":12,"column":26},"end":{"line":20,"column":5}},"locations":[{"start":{"line":12,"column":26},"end":{"line":20,"column":5}}]},"2":{"type":"branch","line":17,"loc":{"start":{"line":17,"column":-2},"end":{"line":20,"column":5}},"locations":[{"start":{"line":17,"column":-2},"end":{"line":20,"column":5}}]},"3":{"type":"branch","line":22,"loc":{"start":{"line":22,"column":22},"end":{"line":28,"column":5}},"locations":[{"start":{"line":22,"column":22},"end":{"line":28,"column":5}}]},"4":{"type":"branch","line":26,"loc":{"start":{"line":26,"column":18},"end":{"line":26,"column":42}},"locations":[{"start":{"line":26,"column":18},"end":{"line":26,"column":42}}]},"5":{"type":"branch","line":30,"loc":{"start":{"line":30,"column":25},"end":{"line":38,"column":5}},"locations":[{"start":{"line":30,"column":25},"end":{"line":38,"column":5}}]},"6":{"type":"branch","line":36,"loc":{"start":{"line":36,"column":18},"end":{"line":36,"column":40}},"locations":[{"start":{"line":36,"column":18},"end":{"line":36,"column":40}}]},"7":{"type":"branch","line":37,"loc":{"start":{"line":37,"column":19},"end":{"line":37,"column":56}},"locations":[{"start":{"line":37,"column":19},"end":{"line":37,"column":56}}]},"8":{"type":"branch","line":40,"loc":{"start":{"line":40,"column":24},"end":{"line":51,"column":5}},"locations":[{"start":{"line":40,"column":24},"end":{"line":51,"column":5}}]},"9":{"type":"branch","line":44,"loc":{"start":{"line":44,"column":19},"end":{"line":44,"column":57}},"locations":[{"start":{"line":44,"column":19},"end":{"line":44,"column":57}}]},"10":{"type":"branch","line":45,"loc":{"start":{"line":45,"column":-2},"end":{"line":51,"column":5}},"locations":[{"start":{"line":45,"column":-2},"end":{"line":51,"column":5}}]},"11":{"type":"branch","line":48,"loc":{"start":{"line":48,"column":18},"end":{"line":48,"column":52}},"locations":[{"start":{"line":48,"column":18},"end":{"line":48,"column":52}}]},"12":{"type":"branch","line":53,"loc":{"start":{"line":53,"column":24},"end":{"line":65,"column":5}},"locations":[{"start":{"line":53,"column":24},"end":{"line":65,"column":5}}]},"13":{"type":"branch","line":57,"loc":{"start":{"line":57,"column":19},"end":{"line":57,"column":57}},"locations":[{"start":{"line":57,"column":19},"end":{"line":57,"column":57}}]},"14":{"type":"branch","line":61,"loc":{"start":{"line":61,"column":18},"end":{"line":61,"column":40}},"locations":[{"start":{"line":61,"column":18},"end":{"line":61,"column":40}}]},"15":{"type":"branch","line":62,"loc":{"start":{"line":62,"column":19},"end":{"line":62,"column":56}},"locations":[{"start":{"line":62,"column":19},"end":{"line":62,"column":56}}]},"16":{"type":"branch","line":67,"loc":{"start":{"line":67,"column":24},"end":{"line":76,"column":5}},"locations":[{"start":{"line":67,"column":24},"end":{"line":76,"column":5}}]},"17":{"type":"branch","line":70,"loc":{"start":{"line":70,"column":23},"end":{"line":70,"column":93}},"locations":[{"start":{"line":70,"column":23},"end":{"line":70,"column":93}}]},"18":{"type":"branch","line":74,"loc":{"start":{"line":74,"column":18},"end":{"line":74,"column":40}},"locations":[{"start":{"line":74,"column":18},"end":{"line":74,"column":40}}]},"19":{"type":"branch","line":75,"loc":{"start":{"line":75,"column":19},"end":{"line":75,"column":56}},"locations":[{"start":{"line":75,"column":19},"end":{"line":75,"column":56}}]}},"b":{"0":[2],"1":[3],"2":[0],"3":[1],"4":[1],"5":[2],"6":[1],"7":[1],"8":[3],"9":[2],"10":[1],"11":[1],"12":[5],"13":[0],"14":[4],"15":[1],"16":[2],"17":[0],"18":[1],"19":[1]},"fnMap":{"0":{"name":"TodosController","decl":{"start":{"line":8,"column":4},"end":{"line":10,"column":9}},"loc":{"start":{"line":8,"column":4},"end":{"line":10,"column":9}},"line":8},"1":{"name":"TodosController.handleError","decl":{"start":{"line":12,"column":26},"end":{"line":20,"column":5}},"loc":{"start":{"line":12,"column":26},"end":{"line":20,"column":5}},"line":12},"2":{"name":"TodosController.getTodos","decl":{"start":{"line":22,"column":22},"end":{"line":28,"column":5}},"loc":{"start":{"line":22,"column":22},"end":{"line":28,"column":5}},"line":22},"3":{"name":"TodosController.getTodoById","decl":{"start":{"line":30,"column":25},"end":{"line":38,"column":5}},"loc":{"start":{"line":30,"column":25},"end":{"line":38,"column":5}},"line":30},"4":{"name":"TodosController.createTodo","decl":{"start":{"line":40,"column":24},"end":{"line":51,"column":5}},"loc":{"start":{"line":40,"column":24},"end":{"line":51,"column":5}},"line":40},"5":{"name":"TodosController.updateTodo","decl":{"start":{"line":53,"column":24},"end":{"line":65,"column":5}},"loc":{"start":{"line":53,"column":24},"end":{"line":65,"column":5}},"line":53},"6":{"name":"TodosController.deleteTodo","decl":{"start":{"line":67,"column":24},"end":{"line":76,"column":5}},"loc":{"start":{"line":67,"column":24},"end":{"line":76,"column":5}},"line":67}},"f":{"0":2,"1":3,"2":1,"3":2,"4":3,"5":5,"6":2}}
,"C:\\Users\\salas\\Documents\\Udemy\\FernandoHerrera\\Node2\\07-RESTWeb\\tests\\test-server.ts": {"path":"C:\\Users\\salas\\Documents\\Udemy\\FernandoHerrera\\Node2\\07-RESTWeb\\tests\\test-server.ts","all":false,"statementMap":{"0":{"start":{"line":1,"column":0},"end":{"line":1,"column":51}},"1":{"start":{"line":2,"column":0},"end":{"line":2,"column":42}},"2":{"start":{"line":3,"column":0},"end":{"line":3,"column":55}},"3":{"start":{"line":4,"column":0},"end":{"line":4,"column":0}},"4":{"start":{"line":5,"column":0},"end":{"line":5,"column":38}},"5":{"start":{"line":6,"column":0},"end":{"line":6,"column":20}},"6":{"start":{"line":7,"column":0},"end":{"line":7,"column":29}},"7":{"start":{"line":8,"column":0},"end":{"line":8,"column":2}}},"s":{"0":1,"1":1,"2":1,"3":1,"4":1,"5":1,"6":1,"7":1},"branchMap":{},"b":{},"fnMap":{},"f":{}}
}
